<?xml version="1.0" encoding="utf-8"?><testsuites name="pytest tests"><testsuite name="pytest" errors="0" failures="2" skipped="0" tests="30" time="99.487" timestamp="2026-05-28T07:19:38.640816+00:00" hostname="agent-env-770c88bd-72ee-4c50-9507-ece024b15d02"><testcase classname="backend.tests.backend_test.TestHealthAndAuth" name="test_health" time="1.967" /><testcase classname="backend.tests.backend_test.TestHealthAndAuth" name="test_login_admin_sets_cookies" time="0.389" /><testcase classname="backend.tests.backend_test.TestHealthAndAuth" name="test_login_demo_users[producer@rivited.io-producer]" time="0.357" /><testcase classname="backend.tests.backend_test.TestHealthAndAuth" name="test_login_demo_users[investor@rivited.io-investor]" time="0.321" /><testcase classname="backend.tests.backend_test.TestHealthAndAuth" name="test_login_demo_users[distributor@rivited.io-distributor]" time="0.324" /><testcase classname="backend.tests.backend_test.TestHealthAndAuth" name="test_login_invalid_password" time="0.323" /><testcase classname="backend.tests.backend_test.TestHealthAndAuth" name="test_register_new_user_and_logout" time="0.509" /><testcase classname="backend.tests.backend_test.TestHealthAndAuth" name="test_me_unauthenticated" time="0.140" /><testcase classname="backend.tests.backend_test.TestHealthAndAuth" name="test_role_enforcement_non_producer_cannot_create_spv" time="0.373" /><testcase classname="backend.tests.backend_test.TestSPV" name="test_demo_seed_spvs_exist" time="0.668" /><testcase classname="backend.tests.backend_test.TestSPV" name="test_create_spv_as_producer" time="0.145" /><testcase classname="backend.tests.backend_test.TestSPV" name="test_list_spvs_filters" time="0.098" /><testcase classname="backend.tests.backend_test.TestSPV" name="test_patch_spv" time="0.091" /><testcase classname="backend.tests.backend_test.TestCapTableWaterfall" name="test_cap_table_crud_and_waterfall_execute" time="0.409" /><testcase classname="backend.tests.backend_test.TestRights" name="test_chain_of_title" time="0.147" /><testcase classname="backend.tests.backend_test.TestRights" name="test_seeded_saturn_falls_rights" time="0.094" /><testcase classname="backend.tests.backend_test.TestAudit" name="test_audit_events_and_stats" time="0.144" /><testcase classname="backend.tests.backend_test.TestInvestments" name="test_investor_checkout" time="0.881" /><testcase classname="backend.tests.backend_test.TestInvestments" name="test_investments_mine" time="0.067" /><testcase classname="backend.tests.backend_test.TestInvestments" name="test_checkout_rejects_when_not_open" time="0.142" /><testcase classname="backend.tests.backend_test.TestEpisodes" name="test_list_episodes" time="0.125" /><testcase classname="backend.tests.backend_test.TestEpisodes" name="test_create_episode_as_producer_and_filter" time="0.100" /><testcase classname="backend.tests.backend_test.TestEpisodes" name="test_free_episode_unlock" time="0.091" /><testcase classname="backend.tests.backend_test.TestEpisodes" name="test_paid_episode_unlock_creates_session" time="0.417"><failure message="AssertionError: Internal Server Error&#10;assert 500 == 200&#10; +  where 500 = &lt;Response [500]&gt;.status_code">backend/tests/backend_test.py:505: in test_paid_episode_unlock_creates_session
    assert r.status_code == 200, r.text
E   AssertionError: Internal Server Error
E   assert 500 == 200
E    +  where 500 = &lt;Response [500]&gt;.status_code</failure></testcase><testcase classname="backend.tests.backend_test.TestVendors" name="test_list_seeded_vendors" time="0.045" /><testcase classname="backend.tests.backend_test.TestVendors" name="test_create_vendor_with_ai_scoring" time="11.510" /><testcase classname="backend.tests.backend_test.TestAI" name="test_budget_forecast" time="39.389" /><testcase classname="backend.tests.backend_test.TestAI" name="test_deal_memo" time="0.782"><failure message="AssertionError: Internal Server Error&#10;assert 500 == 200&#10; +  where 500 = &lt;Response [500]&gt;.status_code">backend/tests/backend_test.py:571: in test_deal_memo
    assert r.status_code == 200, r.text
E   AssertionError: Internal Server Error
E   assert 500 == 200
E    +  where 500 = &lt;Response [500]&gt;.status_code</failure></testcase><testcase classname="backend.tests.backend_test.TestAI" name="test_greenlight" time="22.440" /><testcase classname="backend.tests.backend_test.TestAI" name="test_rights_conflict" time="16.664" /></testsuite></testsuites>