<?xml version="1.0" encoding="utf-8"?><testsuites name="pytest tests"><testsuite name="pytest" errors="0" failures="1" skipped="0" tests="30" time="161.444" timestamp="2026-05-28T07:30:10.456604+00:00" hostname="agent-env-770c88bd-72ee-4c50-9507-ece024b15d02"><testcase classname="backend.tests.backend_test.TestHealthAndAuth" name="test_health" time="0.173" /><testcase classname="backend.tests.backend_test.TestHealthAndAuth" name="test_login_admin_sets_cookies" time="0.331" /><testcase classname="backend.tests.backend_test.TestHealthAndAuth" name="test_login_demo_users[producer@rivited.io-producer]" time="0.330" /><testcase classname="backend.tests.backend_test.TestHealthAndAuth" name="test_login_demo_users[investor@rivited.io-investor]" time="0.364" /><testcase classname="backend.tests.backend_test.TestHealthAndAuth" name="test_login_demo_users[distributor@rivited.io-distributor]" time="0.340" /><testcase classname="backend.tests.backend_test.TestHealthAndAuth" name="test_login_invalid_password" time="0.317" /><testcase classname="backend.tests.backend_test.TestHealthAndAuth" name="test_register_new_user_and_logout" time="0.559" /><testcase classname="backend.tests.backend_test.TestHealthAndAuth" name="test_me_unauthenticated" time="0.114" /><testcase classname="backend.tests.backend_test.TestHealthAndAuth" name="test_role_enforcement_non_producer_cannot_create_spv" time="0.363" /><testcase classname="backend.tests.backend_test.TestSPV" name="test_demo_seed_spvs_exist" time="0.362" /><testcase classname="backend.tests.backend_test.TestSPV" name="test_create_spv_as_producer" time="0.134" /><testcase classname="backend.tests.backend_test.TestSPV" name="test_list_spvs_filters" time="0.086" /><testcase classname="backend.tests.backend_test.TestSPV" name="test_patch_spv" time="0.093" /><testcase classname="backend.tests.backend_test.TestCapTableWaterfall" name="test_cap_table_crud_and_waterfall_execute" time="0.401" /><testcase classname="backend.tests.backend_test.TestRights" name="test_chain_of_title" time="0.134" /><testcase classname="backend.tests.backend_test.TestRights" name="test_seeded_saturn_falls_rights" time="0.085" /><testcase classname="backend.tests.backend_test.TestAudit" name="test_audit_events_and_stats" time="0.139" /><testcase classname="backend.tests.backend_test.TestInvestments" name="test_investor_checkout" time="0.783" /><testcase classname="backend.tests.backend_test.TestInvestments" name="test_investments_mine" time="0.042" /><testcase classname="backend.tests.backend_test.TestInvestments" name="test_checkout_rejects_when_not_open" time="0.180" /><testcase classname="backend.tests.backend_test.TestEpisodes" name="test_list_episodes" time="0.043" /><testcase classname="backend.tests.backend_test.TestEpisodes" name="test_create_episode_as_producer_and_filter" time="0.086" /><testcase classname="backend.tests.backend_test.TestEpisodes" name="test_free_episode_unlock" time="0.118" /><testcase classname="backend.tests.backend_test.TestEpisodes" name="test_paid_episode_unlock_creates_session" time="0.495" /><testcase classname="backend.tests.backend_test.TestVendors" name="test_list_seeded_vendors" time="0.045" /><testcase classname="backend.tests.backend_test.TestVendors" name="test_create_vendor_with_ai_scoring" time="13.197" /><testcase classname="backend.tests.backend_test.TestAI" name="test_budget_forecast" time="44.400" /><testcase classname="backend.tests.backend_test.TestAI" name="test_deal_memo" time="60.619"><failure message="AssertionError: The preview environment is not responding. It may be starting up.&#10;  &#10;assert 502 == 200&#10; +  where 502 = &lt;Response [502]&gt;.status_code">backend/tests/backend_test.py:571: in test_deal_memo
    assert r.status_code == 200, r.text
E   AssertionError: The preview environment is not responding. It may be starting up.
E     
E   assert 502 == 200
E    +  where 502 = &lt;Response [502]&gt;.status_code</failure></testcase><testcase classname="backend.tests.backend_test.TestAI" name="test_greenlight" time="16.973" /><testcase classname="backend.tests.backend_test.TestAI" name="test_rights_conflict" time="20.039" /></testsuite></testsuites>